<?xml version="1.0" encoding="UTF-8"?>
<!-- Generated by org.testng.reporters.JUnitReportReporter -->
<testsuite skipped="0" hostname="DESKTOP-9DTTD1G" name="org.softtek.tests.test" tests="44" failures="0" timestamp="2019-10-04T00:29:41 MDT" time="0.074" errors="0">
  <testcase name="prueba1" time="0.001" classname="org.softtek.tests.test"/>
  <testcase name="prueba1" time="0.000" classname="org.softtek.tests.test"/>
  <testcase name="prueba1" time="0.002" classname="org.softtek.tests.test"/>
  <testcase name="prueba1" time="0.001" classname="org.softtek.tests.test"/>
  <testcase name="prueba1" time="0.000" classname="org.softtek.tests.test"/>
  <testcase name="prueba1" time="0.002" classname="org.softtek.tests.test"/>
  <testcase name="prueba1" time="0.001" classname="org.softtek.tests.test"/>
  <testcase name="prueba1" time="0.005" classname="org.softtek.tests.test"/>
  <testcase name="prueba1" time="0.001" classname="org.softtek.tests.test"/>
  <testcase name="prueba1" time="0.001" classname="org.softtek.tests.test"/>
  <testcase name="prueba1" time="0.002" classname="org.softtek.tests.test"/>
  <testcase name="prueba1" time="0.001" classname="org.softtek.tests.test"/>
  <testcase name="prueba1" time="0.001" classname="org.softtek.tests.test"/>
  <testcase name="prueba1" time="0.002" classname="org.softtek.tests.test"/>
  <testcase name="prueba1" time="0.001" classname="org.softtek.tests.test"/>
  <testcase name="prueba1" time="0.002" classname="org.softtek.tests.test"/>
  <testcase name="prueba1" time="0.002" classname="org.softtek.tests.test"/>
  <testcase name="prueba1" time="0.000" classname="org.softtek.tests.test"/>
  <testcase name="prueba1" time="0.002" classname="org.softtek.tests.test"/>
  <testcase name="prueba1" time="0.001" classname="org.softtek.tests.test"/>
  <testcase name="prueba1" time="0.002" classname="org.softtek.tests.test"/>
  <testcase name="prueba1" time="0.001" classname="org.softtek.tests.test"/>
  <testcase name="prueba1" time="0.010" classname="org.softtek.tests.test"/>
  <testcase name="prueba1" time="0.003" classname="org.softtek.tests.test"/>
  <testcase name="prueba1" time="0.002" classname="org.softtek.tests.test"/>
  <testcase name="prueba1" time="0.002" classname="org.softtek.tests.test"/>
  <testcase name="prueba1" time="0.001" classname="org.softtek.tests.test"/>
  <testcase name="prueba1" time="0.003" classname="org.softtek.tests.test"/>
  <testcase name="prueba1" time="0.001" classname="org.softtek.tests.test"/>
  <testcase name="prueba1" time="0.001" classname="org.softtek.tests.test"/>
  <testcase name="prueba1" time="0.002" classname="org.softtek.tests.test"/>
  <testcase name="prueba1" time="0.003" classname="org.softtek.tests.test"/>
  <testcase name="prueba1" time="0.001" classname="org.softtek.tests.test"/>
  <testcase name="prueba1" time="0.002" classname="org.softtek.tests.test"/>
  <testcase name="prueba1" time="0.001" classname="org.softtek.tests.test"/>
  <testcase name="prueba1" time="0.001" classname="org.softtek.tests.test"/>
  <testcase name="prueba1" time="0.001" classname="org.softtek.tests.test"/>
  <testcase name="prueba1" time="0.002" classname="org.softtek.tests.test"/>
  <testcase name="prueba1" time="0.001" classname="org.softtek.tests.test"/>
  <testcase name="prueba1" time="0.001" classname="org.softtek.tests.test"/>
  <testcase name="prueba1" time="0.001" classname="org.softtek.tests.test"/>
  <testcase name="prueba1" time="0.001" classname="org.softtek.tests.test"/>
  <testcase name="prueba1" time="0.002" classname="org.softtek.tests.test"/>
  <testcase name="prueba1" time="0.001" classname="org.softtek.tests.test"/>
</testsuite> <!-- org.softtek.tests.test -->
