<?xml version="1.0" encoding="UTF-8"?>
<!-- Generated by org.testng.reporters.JUnitReportReporter -->
<testsuite skipped="0" hostname="LSTKEN48291" name="org.softtek.tests.test" tests="3" failures="0" timestamp="2019-10-04T15:13:49 PDT" time="12.867" errors="0">
  <testcase name="login" time="11.404" classname="org.softtek.tests.test"/>
  <testcase name="findFlight" time="1.320" classname="org.softtek.tests.test"/>
  <testcase name="selectFlight" time="0.143" classname="org.softtek.tests.test"/>
</testsuite> <!-- org.softtek.tests.test -->
