<?xml version="1.0" encoding="UTF-8"?>
<!-- Generated by org.testng.reporters.JUnitReportReporter -->
<testsuite skipped="0" hostname="LSTKEN48291" name="org.softtek.tests.test" tests="2" failures="0" timestamp="2019-10-04T13:02:48 PDT" time="7.291" errors="0">
  <testcase name="login" time="4.732" classname="org.softtek.tests.test"/>
  <testcase name="findFlight" time="2.559" classname="org.softtek.tests.test"/>
</testsuite> <!-- org.softtek.tests.test -->
