<?xml version="1.0" encoding="UTF-8"?>
<!-- Generated by org.testng.reporters.JUnitReportReporter -->
<testsuite skipped="0" hostname="LSTKEN48291" name="org.softtek.tests.test" tests="1" failures="0" timestamp="2019-10-04T10:54:30 PDT" time="0.006" errors="0">
  <testcase name="prueba1" time="0.006" classname="org.softtek.tests.test"/>
</testsuite> <!-- org.softtek.tests.test -->
