<?xml version="1.0" encoding="UTF-8"?>
<!-- Generated by org.testng.reporters.JUnitReportReporter -->
<testsuite skipped="0" hostname="LSTKEN48291" name="org.softtek.tests.test" tests="3" failures="0" timestamp="2019-10-04T15:07:32 PDT" time="9.158" errors="0">
  <testcase name="login" time="7.685" classname="org.softtek.tests.test"/>
  <testcase name="findFlight" time="1.319" classname="org.softtek.tests.test"/>
  <testcase name="selectFlight" time="0.154" classname="org.softtek.tests.test"/>
</testsuite> <!-- org.softtek.tests.test -->
